<?xml version="1.0" encoding="UTF-8"?>
<!-- Generated by org.testng.reporters.JUnitXMLReporter -->
<testsuite ignored="0" hostname="LAPTOP-V7EREVV8" failures="5" tests="17" name="Test" time="100.582" errors="0" timestamp="2022-10-29T10:19:05 IST">
  <testcase classname="com.tcs.tests.PHPTravelsTestCases" name="verifyAddFunds" time="4.535"/>
  <testcase classname="com.tcs.tests.PHPTravelsTestCases" name="verifyBlankEmailandPassword" time="1.653">
    <failure type="java.lang.AssertionError" message="expected [https://phptravels.net/login/failed] but found [https://phptravels.net/login]">
      <![CDATA[java.lang.AssertionError: expected [https://phptravels.net/login/failed] but found [https://phptravels.net/login]
at com.tcs.tests.PHPTravelsTestCases.verifyBlankEmailandPassword(PHPTravelsTestCases.java:69)
at java.base/java.util.ArrayList.forEach(ArrayList.java:1511)
... Removed 31 stack frames]]>
    </failure>
  </testcase> <!-- verifyBlankEmailandPassword -->
  <testcase classname="com.tcs.tests.PHPTravelsTestCases" name="verifyLoginBlankEmail" time="1.671">
    <failure type="java.lang.AssertionError" message="expected [https://phptravels.net/login/failed] but found [https://phptravels.net/login]">
      <![CDATA[java.lang.AssertionError: expected [https://phptravels.net/login/failed] but found [https://phptravels.net/login]
at com.tcs.tests.PHPTravelsTestCases.verifyLoginBlankEmail(PHPTravelsTestCases.java:58)
at java.base/java.util.ArrayList.forEach(ArrayList.java:1511)
... Removed 31 stack frames]]>
    </failure>
  </testcase> <!-- verifyLoginBlankEmail -->
  <testcase classname="com.tcs.tests.PHPTravelsTestCases" name="verifyLoginBlankPassword" time="1.833">
    <failure type="java.lang.AssertionError" message="expected [https://phptravels.net/login/failed] but found [https://phptravels.net/login]">
      <![CDATA[java.lang.AssertionError: expected [https://phptravels.net/login/failed] but found [https://phptravels.net/login]
at com.tcs.tests.PHPTravelsTestCases.verifyLoginBlankPassword(PHPTravelsTestCases.java:82)
at java.base/java.util.ArrayList.forEach(ArrayList.java:1511)
... Removed 31 stack frames]]>
    </failure>
  </testcase> <!-- verifyLoginBlankPassword -->
  <testcase classname="com.tcs.tests.PHPTravelsTestCases" name="verifyLoginPageLaunch" time="0.007"/>
  <testcase classname="com.tcs.tests.PHPTravelsTestCases" name="verifyLoginWithInValidEmailAndValidPassword" time="1.819"/>
  <testcase classname="com.tcs.tests.PHPTravelsTestCases" name="verifyLoginWithInvalidEmailAndInvalidPassword" time="1.793">
    <failure type="java.lang.AssertionError" message="expected [https://phptravels.net/login/failed] but found [https://phptravels.net/login]">
      <![CDATA[java.lang.AssertionError: expected [https://phptravels.net/login/failed] but found [https://phptravels.net/login]
at com.tcs.tests.PHPTravelsTestCases.verifyLoginWithInvalidEmailAndInvalidPassword(PHPTravelsTestCases.java:43)
at java.base/java.util.ArrayList.forEach(ArrayList.java:1511)
... Removed 31 stack frames]]>
    </failure>
  </testcase> <!-- verifyLoginWithInvalidEmailAndInvalidPassword -->
  <testcase classname="com.tcs.tests.PHPTravelsTestCases" name="verifyLoginWithValidEmailAndInValidPassword" time="1.818"/>
  <testcase classname="com.tcs.tests.PHPTravelsTestCases" name="verifyLoginWithValidEmailAndValidPassword" time="1.881"/>
  <testcase classname="com.tcs.tests.PHPTravelsTestCases" name="verifyLogout" time="3.732"/>
  <testcase classname="com.tcs.tests.PHPTravelsTestCases" name="verifyMyBookings" time="3.189"/>
  <testcase classname="com.tcs.tests.PHPTravelsTestCases" name="verifyMyProfile" time="3.495"/>
  <testcase classname="com.tcs.tests.PHPTravelsTestCases" name="verifyPayPalPayment" time="10.621"/>
  <testcase classname="com.tcs.tests.PHPTravelsTestCases" name="verifyRememberMeCheckbox" time="1.078">
    <failure type="org.openqa.selenium.ElementClickInterceptedException" message="element click intercepted: Element &amp;lt;label for=&amp;quot;rememberchb&amp;quot;&amp;gt;...&amp;lt;/label&amp;gt; is not clickable at point (425, 390). Other element would receive the click: &amp;lt;div class=&amp;quot;row mt-5 mb-5&amp;quot;&amp;gt;...&amp;lt;/div&amp;gt;
  (Session info: chrome=106.0.5249.120)
Build info: version: &amp;apos;4.2.1&amp;apos;, revision: &amp;apos;ac4d0fdd4a&amp;apos;
System info: host: &amp;apos;LAPTOP-V7EREVV8&amp;apos;, ip: &amp;apos;192.168.29.221&amp;apos;, os.name: &amp;apos;Windows 11&amp;apos;, os.arch: &amp;apos;amd64&amp;apos;, os.version: &amp;apos;10.0&amp;apos;, java.version: &amp;apos;18.0.1&amp;apos;
Driver info: org.openqa.selenium.chrome.ChromeDriver
Command: [8326626c35dd19358d24b56bdffd22e0, clickElement {id=cf6ddd0b-a241-48c5-b7cf-7f855fdf9dd6}]
Capabilities {acceptInsecureCerts: false, browserName: chrome, browserVersion: 106.0.5249.120, chrome: {chromedriverVersion: 106.0.5249.61 (511755355844..., userDataDir: C:\Users\shrut\AppData\Loca...}, goog:chromeOptions: {debuggerAddress: localhost:51139}, networkConnectionEnabled: false, pageLoadStrategy: normal, platformName: WINDOWS, proxy: Proxy(), se:cdp: ws://localhost:51139/devtoo..., se:cdpVersion: 106.0.5249.120, setWindowRect: true, strictFileInteractability: false, timeouts: {implicit: 0, pageLoad: 300000, script: 30000}, unhandledPromptBehavior: dismiss and notify, webauthn:extension:credBlob: true, webauthn:extension:largeBlob: true, webauthn:virtualAuthenticators: true}
Element: [[ChromeDriver: chrome on WINDOWS (8326626c35dd19358d24b56bdffd22e0)] -&amp;gt; xpath: /html/body/div[4]/div/div[2]/div[2]/div/form/div[2]/div[2]/div[1]/label]
Session ID: 8326626c35dd19358d24b56bdffd22e0">
      <![CDATA[org.openqa.selenium.ElementClickInterceptedException: element click intercepted: Element <label for="rememberchb">...</label> is not clickable at point (425, 390). Other element would receive the click: <div class="row mt-5 mb-5">...</div>
  (Session info: chrome=106.0.5249.120)
Build info: version: '4.2.1', revision: 'ac4d0fdd4a'
System info: host: 'LAPTOP-V7EREVV8', ip: '192.168.29.221', os.name: 'Windows 11', os.arch: 'amd64', os.version: '10.0', java.version: '18.0.1'
Driver info: org.openqa.selenium.chrome.ChromeDriver
Command: [8326626c35dd19358d24b56bdffd22e0, clickElement {id=cf6ddd0b-a241-48c5-b7cf-7f855fdf9dd6}]
Capabilities {acceptInsecureCerts: false, browserName: chrome, browserVersion: 106.0.5249.120, chrome: {chromedriverVersion: 106.0.5249.61 (511755355844..., userDataDir: C:\Users\shrut\AppData\Loca...}, goog:chromeOptions: {debuggerAddress: localhost:51139}, networkConnectionEnabled: false, pageLoadStrategy: normal, platformName: WINDOWS, proxy: Proxy(), se:cdp: ws://localhost:51139/devtoo..., se:cdpVersion: 106.0.5249.120, setWindowRect: true, strictFileInteractability: false, timeouts: {implicit: 0, pageLoad: 300000, script: 30000}, unhandledPromptBehavior: dismiss and notify, webauthn:extension:credBlob: true, webauthn:extension:largeBlob: true, webauthn:virtualAuthenticators: true}
Element: [[ChromeDriver: chrome on WINDOWS (8326626c35dd19358d24b56bdffd22e0)] -> xpath: /html/body/div[4]/div/div[2]/div[2]/div/form/div[2]/div[2]/div[1]/label]
Session ID: 8326626c35dd19358d24b56bdffd22e0
at org.openqa.selenium.remote.codec.w3c.W3CHttpResponseCodec.createException(W3CHttpResponseCodec.java:200)
at org.openqa.selenium.remote.codec.w3c.W3CHttpResponseCodec.decode(W3CHttpResponseCodec.java:133)
at org.openqa.selenium.remote.codec.w3c.W3CHttpResponseCodec.decode(W3CHttpResponseCodec.java:53)
at org.openqa.selenium.remote.HttpCommandExecutor.execute(HttpCommandExecutor.java:184)
at org.openqa.selenium.remote.service.DriverCommandExecutor.invokeExecute(DriverCommandExecutor.java:167)
at org.openqa.selenium.remote.service.DriverCommandExecutor.execute(DriverCommandExecutor.java:142)
at org.openqa.selenium.remote.RemoteWebDriver.execute(RemoteWebDriver.java:551)
at org.openqa.selenium.remote.RemoteWebElement.execute(RemoteWebElement.java:257)
at org.openqa.selenium.remote.RemoteWebElement.click(RemoteWebElement.java:78)
at org.openqa.selenium.support.pagefactory.internal.LocatingElementHandler.invoke(LocatingElementHandler.java:52)
at jdk.proxy2/jdk.proxy2.$Proxy16.click(Unknown Source)
at com.tcs.pages.CustomerLoginPage.clickRememberMeCheckbox(CustomerLoginPage.java:47)
at com.tcs.tests.PHPTravelsTestCases.verifyRememberMeCheckbox(PHPTravelsTestCases.java:134)
at java.base/java.util.ArrayList.forEach(ArrayList.java:1511)
... Removed 30 stack frames]]>
    </failure>
  </testcase> <!-- verifyRememberMeCheckbox -->
  <testcase classname="com.tcs.tests.PHPTravelsTestCases" name="verifySignupButton" time="2.911"/>
  <testcase classname="com.tcs.tests.PHPTravelsTestCases" name="verifyVoucher" time="3.496"/>
  <testcase classname="com.tcs.tests.PHPTravelsTestCases" name="verifyAddressUpdate" time="5.272"/>
</testsuite> <!-- Test -->
