<?xml version="1.0" encoding="UTF-8"?>
<testng-results ignored="0" total="20" passed="18" failed="2" skipped="0">
  <reporter-output>
  </reporter-output>
  <suite started-at="2022-11-02T12:20:38 IST" name="Default suite" finished-at="2022-11-02T12:23:06 IST" duration-ms="148111">
    <groups>
    </groups>
    <test started-at="2022-11-02T12:20:38 IST" name="Default test" finished-at="2022-11-02T12:23:06 IST" duration-ms="148111">
      <class name="com.tcs.tests.PHPTravelsTestCases_Agent">
        <test-method is-config="true" signature="setup()[pri:0, instance:com.tcs.tests.PHPTravelsTestCases_Agent@35e2d654]" started-at="2022-11-02T12:20:38 IST" name="setup" finished-at="2022-11-02T12:20:42 IST" duration-ms="4712" status="PASS">
          <reporter-output>
          </reporter-output>
        </test-method> <!-- setup -->
        <test-method signature="verifyLoginPageLaunch()[pri:1, instance:com.tcs.tests.PHPTravelsTestCases_Agent@35e2d654]" started-at="2022-11-02T12:20:42 IST" name="verifyLoginPageLaunch" finished-at="2022-11-02T12:20:42 IST" duration-ms="40" status="PASS">
          <reporter-output>
          </reporter-output>
        </test-method> <!-- verifyLoginPageLaunch -->
        <test-method is-config="true" signature="testclosure()[pri:0, instance:com.tcs.tests.PHPTravelsTestCases_Agent@35e2d654]" started-at="2022-11-02T12:20:42 IST" name="testclosure" finished-at="2022-11-02T12:20:43 IST" duration-ms="214" status="PASS">
          <reporter-output>
          </reporter-output>
        </test-method> <!-- testclosure -->
        <test-method is-config="true" signature="setup()[pri:0, instance:com.tcs.tests.PHPTravelsTestCases_Agent@35e2d654]" started-at="2022-11-02T12:20:43 IST" name="setup" finished-at="2022-11-02T12:20:45 IST" duration-ms="2777" status="PASS">
          <reporter-output>
          </reporter-output>
        </test-method> <!-- setup -->
        <test-method signature="verifyLoginWithInvalidEmailAndInvalidPassword()[pri:2, instance:com.tcs.tests.PHPTravelsTestCases_Agent@35e2d654]" started-at="2022-11-02T12:20:45 IST" name="verifyLoginWithInvalidEmailAndInvalidPassword" finished-at="2022-11-02T12:20:48 IST" duration-ms="2936" status="PASS">
          <reporter-output>
          </reporter-output>
        </test-method> <!-- verifyLoginWithInvalidEmailAndInvalidPassword -->
        <test-method is-config="true" signature="testclosure()[pri:0, instance:com.tcs.tests.PHPTravelsTestCases_Agent@35e2d654]" started-at="2022-11-02T12:20:48 IST" name="testclosure" finished-at="2022-11-02T12:20:49 IST" duration-ms="170" status="PASS">
          <reporter-output>
          </reporter-output>
        </test-method> <!-- testclosure -->
        <test-method is-config="true" signature="setup()[pri:0, instance:com.tcs.tests.PHPTravelsTestCases_Agent@35e2d654]" started-at="2022-11-02T12:20:49 IST" name="setup" finished-at="2022-11-02T12:20:52 IST" duration-ms="3354" status="PASS">
          <reporter-output>
          </reporter-output>
        </test-method> <!-- setup -->
        <test-method signature="verifyLoginBlankEmail()[pri:3, instance:com.tcs.tests.PHPTravelsTestCases_Agent@35e2d654]" started-at="2022-11-02T12:20:52 IST" name="verifyLoginBlankEmail" finished-at="2022-11-02T12:20:58 IST" duration-ms="5963" status="PASS">
          <reporter-output>
          </reporter-output>
        </test-method> <!-- verifyLoginBlankEmail -->
        <test-method is-config="true" signature="testclosure()[pri:0, instance:com.tcs.tests.PHPTravelsTestCases_Agent@35e2d654]" started-at="2022-11-02T12:20:58 IST" name="testclosure" finished-at="2022-11-02T12:20:58 IST" duration-ms="221" status="PASS">
          <reporter-output>
          </reporter-output>
        </test-method> <!-- testclosure -->
        <test-method is-config="true" signature="setup()[pri:0, instance:com.tcs.tests.PHPTravelsTestCases_Agent@35e2d654]" started-at="2022-11-02T12:20:58 IST" name="setup" finished-at="2022-11-02T12:21:01 IST" duration-ms="3222" status="PASS">
          <reporter-output>
          </reporter-output>
        </test-method> <!-- setup -->
        <test-method signature="verifyBlankEmailandPassword()[pri:4, instance:com.tcs.tests.PHPTravelsTestCases_Agent@35e2d654]" started-at="2022-11-02T12:21:01 IST" name="verifyBlankEmailandPassword" finished-at="2022-11-02T12:21:04 IST" duration-ms="2603" status="PASS">
          <reporter-output>
          </reporter-output>
        </test-method> <!-- verifyBlankEmailandPassword -->
        <test-method is-config="true" signature="testclosure()[pri:0, instance:com.tcs.tests.PHPTravelsTestCases_Agent@35e2d654]" started-at="2022-11-02T12:21:04 IST" name="testclosure" finished-at="2022-11-02T12:21:04 IST" duration-ms="160" status="PASS">
          <reporter-output>
          </reporter-output>
        </test-method> <!-- testclosure -->
        <test-method is-config="true" signature="setup()[pri:0, instance:com.tcs.tests.PHPTravelsTestCases_Agent@35e2d654]" started-at="2022-11-02T12:21:04 IST" name="setup" finished-at="2022-11-02T12:21:07 IST" duration-ms="2953" status="PASS">
          <reporter-output>
          </reporter-output>
        </test-method> <!-- setup -->
        <test-method signature="verifyLoginBlankPassword()[pri:5, instance:com.tcs.tests.PHPTravelsTestCases_Agent@35e2d654]" started-at="2022-11-02T12:21:07 IST" name="verifyLoginBlankPassword" finished-at="2022-11-02T12:21:09 IST" duration-ms="2204" status="PASS">
          <reporter-output>
          </reporter-output>
        </test-method> <!-- verifyLoginBlankPassword -->
        <test-method is-config="true" signature="testclosure()[pri:0, instance:com.tcs.tests.PHPTravelsTestCases_Agent@35e2d654]" started-at="2022-11-02T12:21:09 IST" name="testclosure" finished-at="2022-11-02T12:21:09 IST" duration-ms="189" status="PASS">
          <reporter-output>
          </reporter-output>
        </test-method> <!-- testclosure -->
        <test-method is-config="true" signature="setup()[pri:0, instance:com.tcs.tests.PHPTravelsTestCases_Agent@35e2d654]" started-at="2022-11-02T12:21:09 IST" name="setup" finished-at="2022-11-02T12:21:12 IST" duration-ms="2776" status="PASS">
          <reporter-output>
          </reporter-output>
        </test-method> <!-- setup -->
        <test-method signature="verifyLoginWithValidEmailAndInValidPassword()[pri:6, instance:com.tcs.tests.PHPTravelsTestCases_Agent@35e2d654]" started-at="2022-11-02T12:21:12 IST" name="verifyLoginWithValidEmailAndInValidPassword" finished-at="2022-11-02T12:21:15 IST" duration-ms="2627" status="PASS">
          <reporter-output>
          </reporter-output>
        </test-method> <!-- verifyLoginWithValidEmailAndInValidPassword -->
        <test-method is-config="true" signature="testclosure()[pri:0, instance:com.tcs.tests.PHPTravelsTestCases_Agent@35e2d654]" started-at="2022-11-02T12:21:15 IST" name="testclosure" finished-at="2022-11-02T12:21:15 IST" duration-ms="178" status="PASS">
          <reporter-output>
          </reporter-output>
        </test-method> <!-- testclosure -->
        <test-method is-config="true" signature="setup()[pri:0, instance:com.tcs.tests.PHPTravelsTestCases_Agent@35e2d654]" started-at="2022-11-02T12:21:15 IST" name="setup" finished-at="2022-11-02T12:21:18 IST" duration-ms="3095" status="PASS">
          <reporter-output>
          </reporter-output>
        </test-method> <!-- setup -->
        <test-method signature="verifyLoginWithInValidEmailAndValidPassword()[pri:7, instance:com.tcs.tests.PHPTravelsTestCases_Agent@35e2d654]" started-at="2022-11-02T12:21:18 IST" name="verifyLoginWithInValidEmailAndValidPassword" finished-at="2022-11-02T12:21:22 IST" duration-ms="3616" status="PASS">
          <reporter-output>
          </reporter-output>
        </test-method> <!-- verifyLoginWithInValidEmailAndValidPassword -->
        <test-method is-config="true" signature="testclosure()[pri:0, instance:com.tcs.tests.PHPTravelsTestCases_Agent@35e2d654]" started-at="2022-11-02T12:21:22 IST" name="testclosure" finished-at="2022-11-02T12:21:22 IST" duration-ms="178" status="PASS">
          <reporter-output>
          </reporter-output>
        </test-method> <!-- testclosure -->
        <test-method is-config="true" signature="setup()[pri:0, instance:com.tcs.tests.PHPTravelsTestCases_Agent@35e2d654]" started-at="2022-11-02T12:21:22 IST" name="setup" finished-at="2022-11-02T12:21:25 IST" duration-ms="2740" status="PASS">
          <reporter-output>
          </reporter-output>
        </test-method> <!-- setup -->
        <test-method signature="verifySignupButton()[pri:8, instance:com.tcs.tests.PHPTravelsTestCases_Agent@35e2d654]" started-at="2022-11-02T12:21:25 IST" name="verifySignupButton" finished-at="2022-11-02T12:21:26 IST" duration-ms="1103" status="FAIL">
          <exception class="org.openqa.selenium.ElementClickInterceptedException">
            <message>
              <![CDATA[element click intercepted: Element <a class="btn-lg d-flex align-items-center justify-content-center  btn btn-outline-primary btn-block form-group effect ladda-sm ladda-button waves-effect" data-style="zoom-in" href="https://phptravels.net/signup">...</a> is not clickable at point (513, 504). Other element would receive the click: <div class="row mt-5 mb-5">...</div>
  (Session info: chrome=106.0.5249.121)
Build info: version: '4.2.1', revision: 'ac4d0fdd4a'
System info: host: 'LAPTOP-V7EREVV8', ip: '192.168.29.221', os.name: 'Windows 11', os.arch: 'amd64', os.version: '10.0', java.version: '18.0.1'
Driver info: org.openqa.selenium.chrome.ChromeDriver
Command: [dfa2896cbfde8ef41618fdec70a952b7, clickElement {id=0c9d7928-1661-4d0c-b56b-706770cde8dd}]
Capabilities {acceptInsecureCerts: false, browserName: chrome, browserVersion: 106.0.5249.121, chrome: {chromedriverVersion: 106.0.5249.61 (511755355844..., userDataDir: C:\Users\shrut\AppData\Loca...}, goog:chromeOptions: {debuggerAddress: localhost:54437}, networkConnectionEnabled: false, pageLoadStrategy: normal, platformName: WINDOWS, proxy: Proxy(), se:cdp: ws://localhost:54437/devtoo..., se:cdpVersion: 106.0.5249.121, setWindowRect: true, strictFileInteractability: false, timeouts: {implicit: 0, pageLoad: 300000, script: 30000}, unhandledPromptBehavior: dismiss and notify, webauthn:extension:credBlob: true, webauthn:extension:largeBlob: true, webauthn:virtualAuthenticators: true}
Element: [[ChromeDriver: chrome on WINDOWS (dfa2896cbfde8ef41618fdec70a952b7)] -> xpath: /html/body/div[4]/div/div[2]/div[2]/div/form/div[3]/div/div/a]
Session ID: dfa2896cbfde8ef41618fdec70a952b7]]>
            </message>
            <full-stacktrace>
              <![CDATA[org.openqa.selenium.ElementClickInterceptedException: element click intercepted: Element <a class="btn-lg d-flex align-items-center justify-content-center  btn btn-outline-primary btn-block form-group effect ladda-sm ladda-button waves-effect" data-style="zoom-in" href="https://phptravels.net/signup">...</a> is not clickable at point (513, 504). Other element would receive the click: <div class="row mt-5 mb-5">...</div>
  (Session info: chrome=106.0.5249.121)
Build info: version: '4.2.1', revision: 'ac4d0fdd4a'
System info: host: 'LAPTOP-V7EREVV8', ip: '192.168.29.221', os.name: 'Windows 11', os.arch: 'amd64', os.version: '10.0', java.version: '18.0.1'
Driver info: org.openqa.selenium.chrome.ChromeDriver
Command: [dfa2896cbfde8ef41618fdec70a952b7, clickElement {id=0c9d7928-1661-4d0c-b56b-706770cde8dd}]
Capabilities {acceptInsecureCerts: false, browserName: chrome, browserVersion: 106.0.5249.121, chrome: {chromedriverVersion: 106.0.5249.61 (511755355844..., userDataDir: C:\Users\shrut\AppData\Loca...}, goog:chromeOptions: {debuggerAddress: localhost:54437}, networkConnectionEnabled: false, pageLoadStrategy: normal, platformName: WINDOWS, proxy: Proxy(), se:cdp: ws://localhost:54437/devtoo..., se:cdpVersion: 106.0.5249.121, setWindowRect: true, strictFileInteractability: false, timeouts: {implicit: 0, pageLoad: 300000, script: 30000}, unhandledPromptBehavior: dismiss and notify, webauthn:extension:credBlob: true, webauthn:extension:largeBlob: true, webauthn:virtualAuthenticators: true}
Element: [[ChromeDriver: chrome on WINDOWS (dfa2896cbfde8ef41618fdec70a952b7)] -> xpath: /html/body/div[4]/div/div[2]/div[2]/div/form/div[3]/div/div/a]
Session ID: dfa2896cbfde8ef41618fdec70a952b7
at java.base/jdk.internal.reflect.DirectConstructorHandleAccessor.newInstance(DirectConstructorHandleAccessor.java:67)
at java.base/java.lang.reflect.Constructor.newInstanceWithCaller(Constructor.java:499)
at java.base/java.lang.reflect.Constructor.newInstance(Constructor.java:483)
at org.openqa.selenium.remote.codec.w3c.W3CHttpResponseCodec.createException(W3CHttpResponseCodec.java:200)
at org.openqa.selenium.remote.codec.w3c.W3CHttpResponseCodec.decode(W3CHttpResponseCodec.java:133)
at org.openqa.selenium.remote.codec.w3c.W3CHttpResponseCodec.decode(W3CHttpResponseCodec.java:53)
at org.openqa.selenium.remote.HttpCommandExecutor.execute(HttpCommandExecutor.java:184)
at org.openqa.selenium.remote.service.DriverCommandExecutor.invokeExecute(DriverCommandExecutor.java:167)
at org.openqa.selenium.remote.service.DriverCommandExecutor.execute(DriverCommandExecutor.java:142)
at org.openqa.selenium.remote.RemoteWebDriver.execute(RemoteWebDriver.java:551)
at org.openqa.selenium.remote.RemoteWebElement.execute(RemoteWebElement.java:257)
at org.openqa.selenium.remote.RemoteWebElement.click(RemoteWebElement.java:78)
at java.base/jdk.internal.reflect.DirectMethodHandleAccessor.invoke(DirectMethodHandleAccessor.java:104)
at java.base/java.lang.reflect.Method.invoke(Method.java:577)
at org.openqa.selenium.support.pagefactory.internal.LocatingElementHandler.invoke(LocatingElementHandler.java:52)
at jdk.proxy2/jdk.proxy2.$Proxy16.click(Unknown Source)
at com.tcs.pages.AgentLoginPage.clickSignupbutton(AgentLoginPage.java:36)
at com.tcs.tests.PHPTravelsTestCases_Agent.verifySignupButton(PHPTravelsTestCases_Agent.java:119)
at java.base/jdk.internal.reflect.DirectMethodHandleAccessor.invoke(DirectMethodHandleAccessor.java:104)
at java.base/java.lang.reflect.Method.invoke(Method.java:577)
at org.testng.internal.MethodInvocationHelper.invokeMethod(MethodInvocationHelper.java:133)
at org.testng.internal.TestInvoker.invokeMethod(TestInvoker.java:598)
at org.testng.internal.TestInvoker.invokeTestMethod(TestInvoker.java:173)
at org.testng.internal.MethodRunner.runInSequence(MethodRunner.java:46)
at org.testng.internal.TestInvoker$MethodInvocationAgent.invoke(TestInvoker.java:824)
at org.testng.internal.TestInvoker.invokeTestMethods(TestInvoker.java:146)
at org.testng.internal.TestMethodWorker.invokeTestMethods(TestMethodWorker.java:146)
at org.testng.internal.TestMethodWorker.run(TestMethodWorker.java:128)
at java.base/java.util.ArrayList.forEach(ArrayList.java:1511)
at org.testng.TestRunner.privateRun(TestRunner.java:794)
at org.testng.TestRunner.run(TestRunner.java:596)
at org.testng.SuiteRunner.runTest(SuiteRunner.java:377)
at org.testng.SuiteRunner.runSequentially(SuiteRunner.java:371)
at org.testng.SuiteRunner.privateRun(SuiteRunner.java:332)
at org.testng.SuiteRunner.run(SuiteRunner.java:276)
at org.testng.SuiteRunnerWorker.runSuite(SuiteRunnerWorker.java:53)
at org.testng.SuiteRunnerWorker.run(SuiteRunnerWorker.java:96)
at org.testng.TestNG.runSuitesSequentially(TestNG.java:1212)
at org.testng.TestNG.runSuitesLocally(TestNG.java:1134)
at org.testng.TestNG.runSuites(TestNG.java:1063)
at org.testng.TestNG.run(TestNG.java:1031)
at org.testng.remote.AbstractRemoteTestNG.run(AbstractRemoteTestNG.java:115)
at org.testng.remote.RemoteTestNG.initAndRun(RemoteTestNG.java:251)
at org.testng.remote.RemoteTestNG.main(RemoteTestNG.java:77)
]]>
            </full-stacktrace>
          </exception> <!-- org.openqa.selenium.ElementClickInterceptedException -->
          <reporter-output>
          </reporter-output>
        </test-method> <!-- verifySignupButton -->
        <test-method is-config="true" signature="testclosure()[pri:0, instance:com.tcs.tests.PHPTravelsTestCases_Agent@35e2d654]" started-at="2022-11-02T12:21:26 IST" name="testclosure" finished-at="2022-11-02T12:21:26 IST" duration-ms="221" status="PASS">
          <reporter-output>
          </reporter-output>
        </test-method> <!-- testclosure -->
        <test-method is-config="true" signature="setup()[pri:0, instance:com.tcs.tests.PHPTravelsTestCases_Agent@35e2d654]" started-at="2022-11-02T12:21:26 IST" name="setup" finished-at="2022-11-02T12:21:29 IST" duration-ms="2753" status="PASS">
          <reporter-output>
          </reporter-output>
        </test-method> <!-- setup -->
        <test-method signature="verifyHotel()[pri:9, instance:com.tcs.tests.PHPTravelsTestCases_Agent@35e2d654]" started-at="2022-11-02T12:21:29 IST" name="verifyHotel" finished-at="2022-11-02T12:21:48 IST" duration-ms="19401" status="PASS">
          <reporter-output>
          </reporter-output>
        </test-method> <!-- verifyHotel -->
        <test-method is-config="true" signature="testclosure()[pri:0, instance:com.tcs.tests.PHPTravelsTestCases_Agent@35e2d654]" started-at="2022-11-02T12:21:48 IST" name="testclosure" finished-at="2022-11-02T12:21:48 IST" duration-ms="181" status="PASS">
          <reporter-output>
          </reporter-output>
        </test-method> <!-- testclosure -->
        <test-method is-config="true" signature="setup()[pri:0, instance:com.tcs.tests.PHPTravelsTestCases_Agent@35e2d654]" started-at="2022-11-02T12:21:48 IST" name="setup" finished-at="2022-11-02T12:21:51 IST" duration-ms="3017" status="PASS">
          <reporter-output>
          </reporter-output>
        </test-method> <!-- setup -->
        <test-method signature="verifyRememberMeCheckbox()[pri:9, instance:com.tcs.tests.PHPTravelsTestCases_Agent@35e2d654]" started-at="2022-11-02T12:21:51 IST" name="verifyRememberMeCheckbox" finished-at="2022-11-02T12:21:52 IST" duration-ms="1158" status="FAIL">
          <exception class="org.openqa.selenium.ElementClickInterceptedException">
            <message>
              <![CDATA[element click intercepted: Element <label for="rememberchb">...</label> is not clickable at point (425, 390). Other element would receive the click: <div class="row mt-5 mb-5">...</div>
  (Session info: chrome=106.0.5249.121)
Build info: version: '4.2.1', revision: 'ac4d0fdd4a'
System info: host: 'LAPTOP-V7EREVV8', ip: '192.168.29.221', os.name: 'Windows 11', os.arch: 'amd64', os.version: '10.0', java.version: '18.0.1'
Driver info: org.openqa.selenium.chrome.ChromeDriver
Command: [62497a545a4b39acac70452ce8b861af, clickElement {id=dcc24a40-8408-431d-b1da-58d3f8550565}]
Capabilities {acceptInsecureCerts: false, browserName: chrome, browserVersion: 106.0.5249.121, chrome: {chromedriverVersion: 106.0.5249.61 (511755355844..., userDataDir: C:\Users\shrut\AppData\Loca...}, goog:chromeOptions: {debuggerAddress: localhost:54489}, networkConnectionEnabled: false, pageLoadStrategy: normal, platformName: WINDOWS, proxy: Proxy(), se:cdp: ws://localhost:54489/devtoo..., se:cdpVersion: 106.0.5249.121, setWindowRect: true, strictFileInteractability: false, timeouts: {implicit: 0, pageLoad: 300000, script: 30000}, unhandledPromptBehavior: dismiss and notify, webauthn:extension:credBlob: true, webauthn:extension:largeBlob: true, webauthn:virtualAuthenticators: true}
Element: [[ChromeDriver: chrome on WINDOWS (62497a545a4b39acac70452ce8b861af)] -> xpath: /html/body/div[4]/div/div[2]/div[2]/div/form/div[2]/div[2]/div[1]/label]
Session ID: 62497a545a4b39acac70452ce8b861af]]>
            </message>
            <full-stacktrace>
              <![CDATA[org.openqa.selenium.ElementClickInterceptedException: element click intercepted: Element <label for="rememberchb">...</label> is not clickable at point (425, 390). Other element would receive the click: <div class="row mt-5 mb-5">...</div>
  (Session info: chrome=106.0.5249.121)
Build info: version: '4.2.1', revision: 'ac4d0fdd4a'
System info: host: 'LAPTOP-V7EREVV8', ip: '192.168.29.221', os.name: 'Windows 11', os.arch: 'amd64', os.version: '10.0', java.version: '18.0.1'
Driver info: org.openqa.selenium.chrome.ChromeDriver
Command: [62497a545a4b39acac70452ce8b861af, clickElement {id=dcc24a40-8408-431d-b1da-58d3f8550565}]
Capabilities {acceptInsecureCerts: false, browserName: chrome, browserVersion: 106.0.5249.121, chrome: {chromedriverVersion: 106.0.5249.61 (511755355844..., userDataDir: C:\Users\shrut\AppData\Loca...}, goog:chromeOptions: {debuggerAddress: localhost:54489}, networkConnectionEnabled: false, pageLoadStrategy: normal, platformName: WINDOWS, proxy: Proxy(), se:cdp: ws://localhost:54489/devtoo..., se:cdpVersion: 106.0.5249.121, setWindowRect: true, strictFileInteractability: false, timeouts: {implicit: 0, pageLoad: 300000, script: 30000}, unhandledPromptBehavior: dismiss and notify, webauthn:extension:credBlob: true, webauthn:extension:largeBlob: true, webauthn:virtualAuthenticators: true}
Element: [[ChromeDriver: chrome on WINDOWS (62497a545a4b39acac70452ce8b861af)] -> xpath: /html/body/div[4]/div/div[2]/div[2]/div/form/div[2]/div[2]/div[1]/label]
Session ID: 62497a545a4b39acac70452ce8b861af
at java.base/jdk.internal.reflect.DirectConstructorHandleAccessor.newInstance(DirectConstructorHandleAccessor.java:67)
at java.base/java.lang.reflect.Constructor.newInstanceWithCaller(Constructor.java:499)
at java.base/java.lang.reflect.Constructor.newInstance(Constructor.java:483)
at org.openqa.selenium.remote.codec.w3c.W3CHttpResponseCodec.createException(W3CHttpResponseCodec.java:200)
at org.openqa.selenium.remote.codec.w3c.W3CHttpResponseCodec.decode(W3CHttpResponseCodec.java:133)
at org.openqa.selenium.remote.codec.w3c.W3CHttpResponseCodec.decode(W3CHttpResponseCodec.java:53)
at org.openqa.selenium.remote.HttpCommandExecutor.execute(HttpCommandExecutor.java:184)
at org.openqa.selenium.remote.service.DriverCommandExecutor.invokeExecute(DriverCommandExecutor.java:167)
at org.openqa.selenium.remote.service.DriverCommandExecutor.execute(DriverCommandExecutor.java:142)
at org.openqa.selenium.remote.RemoteWebDriver.execute(RemoteWebDriver.java:551)
at org.openqa.selenium.remote.RemoteWebElement.execute(RemoteWebElement.java:257)
at org.openqa.selenium.remote.RemoteWebElement.click(RemoteWebElement.java:78)
at java.base/jdk.internal.reflect.DirectMethodHandleAccessor.invoke(DirectMethodHandleAccessor.java:104)
at java.base/java.lang.reflect.Method.invoke(Method.java:577)
at org.openqa.selenium.support.pagefactory.internal.LocatingElementHandler.invoke(LocatingElementHandler.java:52)
at jdk.proxy2/jdk.proxy2.$Proxy16.click(Unknown Source)
at com.tcs.pages.AgentLoginPage.clickRememberMeCheckbox(AgentLoginPage.java:41)
at com.tcs.tests.PHPTravelsTestCases_Agent.verifyRememberMeCheckbox(PHPTravelsTestCases_Agent.java:130)
at java.base/jdk.internal.reflect.DirectMethodHandleAccessor.invoke(DirectMethodHandleAccessor.java:104)
at java.base/java.lang.reflect.Method.invoke(Method.java:577)
at org.testng.internal.MethodInvocationHelper.invokeMethod(MethodInvocationHelper.java:133)
at org.testng.internal.TestInvoker.invokeMethod(TestInvoker.java:598)
at org.testng.internal.TestInvoker.invokeTestMethod(TestInvoker.java:173)
at org.testng.internal.MethodRunner.runInSequence(MethodRunner.java:46)
at org.testng.internal.TestInvoker$MethodInvocationAgent.invoke(TestInvoker.java:824)
at org.testng.internal.TestInvoker.invokeTestMethods(TestInvoker.java:146)
at org.testng.internal.TestMethodWorker.invokeTestMethods(TestMethodWorker.java:146)
at org.testng.internal.TestMethodWorker.run(TestMethodWorker.java:128)
at java.base/java.util.ArrayList.forEach(ArrayList.java:1511)
at org.testng.TestRunner.privateRun(TestRunner.java:794)
at org.testng.TestRunner.run(TestRunner.java:596)
at org.testng.SuiteRunner.runTest(SuiteRunner.java:377)
at org.testng.SuiteRunner.runSequentially(SuiteRunner.java:371)
at org.testng.SuiteRunner.privateRun(SuiteRunner.java:332)
at org.testng.SuiteRunner.run(SuiteRunner.java:276)
at org.testng.SuiteRunnerWorker.runSuite(SuiteRunnerWorker.java:53)
at org.testng.SuiteRunnerWorker.run(SuiteRunnerWorker.java:96)
at org.testng.TestNG.runSuitesSequentially(TestNG.java:1212)
at org.testng.TestNG.runSuitesLocally(TestNG.java:1134)
at org.testng.TestNG.runSuites(TestNG.java:1063)
at org.testng.TestNG.run(TestNG.java:1031)
at org.testng.remote.AbstractRemoteTestNG.run(AbstractRemoteTestNG.java:115)
at org.testng.remote.RemoteTestNG.initAndRun(RemoteTestNG.java:251)
at org.testng.remote.RemoteTestNG.main(RemoteTestNG.java:77)
]]>
            </full-stacktrace>
          </exception> <!-- org.openqa.selenium.ElementClickInterceptedException -->
          <reporter-output>
          </reporter-output>
        </test-method> <!-- verifyRememberMeCheckbox -->
        <test-method is-config="true" signature="testclosure()[pri:0, instance:com.tcs.tests.PHPTravelsTestCases_Agent@35e2d654]" started-at="2022-11-02T12:21:52 IST" name="testclosure" finished-at="2022-11-02T12:21:53 IST" duration-ms="182" status="PASS">
          <reporter-output>
          </reporter-output>
        </test-method> <!-- testclosure -->
        <test-method is-config="true" signature="setup()[pri:0, instance:com.tcs.tests.PHPTravelsTestCases_Agent@35e2d654]" started-at="2022-11-02T12:21:53 IST" name="setup" finished-at="2022-11-02T12:21:55 IST" duration-ms="2682" status="PASS">
          <reporter-output>
          </reporter-output>
        </test-method> <!-- setup -->
        <test-method signature="verifyLoginWithValidEmailAndValidPassword()[pri:10, instance:com.tcs.tests.PHPTravelsTestCases_Agent@35e2d654]" started-at="2022-11-02T12:21:55 IST" name="verifyLoginWithValidEmailAndValidPassword" finished-at="2022-11-02T12:21:58 IST" duration-ms="2363" status="PASS">
          <reporter-output>
          </reporter-output>
        </test-method> <!-- verifyLoginWithValidEmailAndValidPassword -->
        <test-method is-config="true" signature="testclosure()[pri:0, instance:com.tcs.tests.PHPTravelsTestCases_Agent@35e2d654]" started-at="2022-11-02T12:21:58 IST" name="testclosure" finished-at="2022-11-02T12:21:58 IST" duration-ms="189" status="PASS">
          <reporter-output>
          </reporter-output>
        </test-method> <!-- testclosure -->
        <test-method is-config="true" signature="setup()[pri:0, instance:com.tcs.tests.PHPTravelsTestCases_Agent@35e2d654]" started-at="2022-11-02T12:21:58 IST" name="setup" finished-at="2022-11-02T12:22:01 IST" duration-ms="2667" status="PASS">
          <reporter-output>
          </reporter-output>
        </test-method> <!-- setup -->
        <test-method signature="verifyMyBookings()[pri:11, instance:com.tcs.tests.PHPTravelsTestCases_Agent@35e2d654]" started-at="2022-11-02T12:22:01 IST" name="verifyMyBookings" finished-at="2022-11-02T12:22:05 IST" duration-ms="4451" status="PASS">
          <reporter-output>
          </reporter-output>
        </test-method> <!-- verifyMyBookings -->
        <test-method is-config="true" signature="testclosure()[pri:0, instance:com.tcs.tests.PHPTravelsTestCases_Agent@35e2d654]" started-at="2022-11-02T12:22:05 IST" name="testclosure" finished-at="2022-11-02T12:22:05 IST" duration-ms="120" status="PASS">
          <reporter-output>
          </reporter-output>
        </test-method> <!-- testclosure -->
        <test-method is-config="true" signature="setup()[pri:0, instance:com.tcs.tests.PHPTravelsTestCases_Agent@35e2d654]" started-at="2022-11-02T12:22:05 IST" name="setup" finished-at="2022-11-02T12:22:08 IST" duration-ms="3017" status="PASS">
          <reporter-output>
          </reporter-output>
        </test-method> <!-- setup -->
        <test-method signature="verifyMyProfile()[pri:12, instance:com.tcs.tests.PHPTravelsTestCases_Agent@35e2d654]" started-at="2022-11-02T12:22:08 IST" name="verifyMyProfile" finished-at="2022-11-02T12:22:13 IST" duration-ms="5248" status="PASS">
          <reporter-output>
          </reporter-output>
        </test-method> <!-- verifyMyProfile -->
        <test-method is-config="true" signature="testclosure()[pri:0, instance:com.tcs.tests.PHPTravelsTestCases_Agent@35e2d654]" started-at="2022-11-02T12:22:13 IST" name="testclosure" finished-at="2022-11-02T12:22:14 IST" duration-ms="176" status="PASS">
          <reporter-output>
          </reporter-output>
        </test-method> <!-- testclosure -->
        <test-method is-config="true" signature="setup()[pri:0, instance:com.tcs.tests.PHPTravelsTestCases_Agent@35e2d654]" started-at="2022-11-02T12:22:14 IST" name="setup" finished-at="2022-11-02T12:22:17 IST" duration-ms="3508" status="PASS">
          <reporter-output>
          </reporter-output>
        </test-method> <!-- setup -->
        <test-method signature="verifyAddFunds()[pri:13, instance:com.tcs.tests.PHPTravelsTestCases_Agent@35e2d654]" started-at="2022-11-02T12:22:17 IST" name="verifyAddFunds" finished-at="2022-11-02T12:22:21 IST" duration-ms="4324" status="PASS">
          <reporter-output>
          </reporter-output>
        </test-method> <!-- verifyAddFunds -->
        <test-method is-config="true" signature="testclosure()[pri:0, instance:com.tcs.tests.PHPTravelsTestCases_Agent@35e2d654]" started-at="2022-11-02T12:22:21 IST" name="testclosure" finished-at="2022-11-02T12:22:22 IST" duration-ms="185" status="PASS">
          <reporter-output>
          </reporter-output>
        </test-method> <!-- testclosure -->
        <test-method is-config="true" signature="setup()[pri:0, instance:com.tcs.tests.PHPTravelsTestCases_Agent@35e2d654]" started-at="2022-11-02T12:22:22 IST" name="setup" finished-at="2022-11-02T12:22:25 IST" duration-ms="2950" status="PASS">
          <reporter-output>
          </reporter-output>
        </test-method> <!-- setup -->
        <test-method signature="verifyLogout()[pri:14, instance:com.tcs.tests.PHPTravelsTestCases_Agent@35e2d654]" started-at="2022-11-02T12:22:25 IST" name="verifyLogout" finished-at="2022-11-02T12:22:30 IST" duration-ms="5375" status="PASS">
          <reporter-output>
          </reporter-output>
        </test-method> <!-- verifyLogout -->
        <test-method is-config="true" signature="testclosure()[pri:0, instance:com.tcs.tests.PHPTravelsTestCases_Agent@35e2d654]" started-at="2022-11-02T12:22:30 IST" name="testclosure" finished-at="2022-11-02T12:22:30 IST" duration-ms="179" status="PASS">
          <reporter-output>
          </reporter-output>
        </test-method> <!-- testclosure -->
        <test-method is-config="true" signature="setup()[pri:0, instance:com.tcs.tests.PHPTravelsTestCases_Agent@35e2d654]" started-at="2022-11-02T12:22:30 IST" name="setup" finished-at="2022-11-02T12:22:32 IST" duration-ms="2377" status="PASS">
          <reporter-output>
          </reporter-output>
        </test-method> <!-- setup -->
        <test-method signature="verifyFlights()[pri:15, instance:com.tcs.tests.PHPTravelsTestCases_Agent@35e2d654]" started-at="2022-11-02T12:22:32 IST" name="verifyFlights" finished-at="2022-11-02T12:22:36 IST" duration-ms="3818" status="PASS">
          <reporter-output>
          </reporter-output>
        </test-method> <!-- verifyFlights -->
        <test-method is-config="true" signature="testclosure()[pri:0, instance:com.tcs.tests.PHPTravelsTestCases_Agent@35e2d654]" started-at="2022-11-02T12:22:36 IST" name="testclosure" finished-at="2022-11-02T12:22:36 IST" duration-ms="124" status="PASS">
          <reporter-output>
          </reporter-output>
        </test-method> <!-- testclosure -->
        <test-method is-config="true" signature="setup()[pri:0, instance:com.tcs.tests.PHPTravelsTestCases_Agent@35e2d654]" started-at="2022-11-02T12:22:36 IST" name="setup" finished-at="2022-11-02T12:22:39 IST" duration-ms="2714" status="PASS">
          <reporter-output>
          </reporter-output>
        </test-method> <!-- setup -->
        <test-method signature="verifyVisa()[pri:16, instance:com.tcs.tests.PHPTravelsTestCases_Agent@35e2d654]" started-at="2022-11-02T12:22:39 IST" name="verifyVisa" finished-at="2022-11-02T12:22:43 IST" duration-ms="3924" status="PASS">
          <reporter-output>
          </reporter-output>
        </test-method> <!-- verifyVisa -->
        <test-method is-config="true" signature="testclosure()[pri:0, instance:com.tcs.tests.PHPTravelsTestCases_Agent@35e2d654]" started-at="2022-11-02T12:22:43 IST" name="testclosure" finished-at="2022-11-02T12:22:43 IST" duration-ms="159" status="PASS">
          <reporter-output>
          </reporter-output>
        </test-method> <!-- testclosure -->
        <test-method is-config="true" signature="setup()[pri:0, instance:com.tcs.tests.PHPTravelsTestCases_Agent@35e2d654]" started-at="2022-11-02T12:22:43 IST" name="setup" finished-at="2022-11-02T12:22:46 IST" duration-ms="2988" status="PASS">
          <reporter-output>
          </reporter-output>
        </test-method> <!-- setup -->
        <test-method signature="verifyBlog()[pri:17, instance:com.tcs.tests.PHPTravelsTestCases_Agent@35e2d654]" started-at="2022-11-02T12:22:46 IST" name="verifyBlog" finished-at="2022-11-02T12:22:50 IST" duration-ms="4047" status="PASS">
          <reporter-output>
          </reporter-output>
        </test-method> <!-- verifyBlog -->
        <test-method is-config="true" signature="testclosure()[pri:0, instance:com.tcs.tests.PHPTravelsTestCases_Agent@35e2d654]" started-at="2022-11-02T12:22:50 IST" name="testclosure" finished-at="2022-11-02T12:22:50 IST" duration-ms="187" status="PASS">
          <reporter-output>
          </reporter-output>
        </test-method> <!-- testclosure -->
        <test-method is-config="true" signature="setup()[pri:0, instance:com.tcs.tests.PHPTravelsTestCases_Agent@35e2d654]" started-at="2022-11-02T12:22:50 IST" name="setup" finished-at="2022-11-02T12:22:53 IST" duration-ms="2708" status="PASS">
          <reporter-output>
          </reporter-output>
        </test-method> <!-- setup -->
        <test-method signature="verifyOffers()[pri:18, instance:com.tcs.tests.PHPTravelsTestCases_Agent@35e2d654]" started-at="2022-11-02T12:22:53 IST" name="verifyOffers" finished-at="2022-11-02T12:22:57 IST" duration-ms="3796" status="PASS">
          <reporter-output>
          </reporter-output>
        </test-method> <!-- verifyOffers -->
        <test-method is-config="true" signature="testclosure()[pri:0, instance:com.tcs.tests.PHPTravelsTestCases_Agent@35e2d654]" started-at="2022-11-02T12:22:57 IST" name="testclosure" finished-at="2022-11-02T12:22:57 IST" duration-ms="180" status="PASS">
          <reporter-output>
          </reporter-output>
        </test-method> <!-- testclosure -->
        <test-method is-config="true" signature="setup()[pri:0, instance:com.tcs.tests.PHPTravelsTestCases_Agent@35e2d654]" started-at="2022-11-02T12:22:57 IST" name="setup" finished-at="2022-11-02T12:23:00 IST" duration-ms="2717" status="PASS">
          <reporter-output>
          </reporter-output>
        </test-method> <!-- setup -->
        <test-method signature="verifyCurrency()[pri:19, instance:com.tcs.tests.PHPTravelsTestCases_Agent@35e2d654]" started-at="2022-11-02T12:23:00 IST" name="verifyCurrency" finished-at="2022-11-02T12:23:06 IST" duration-ms="5721" status="PASS">
          <reporter-output>
          </reporter-output>
        </test-method> <!-- verifyCurrency -->
        <test-method is-config="true" signature="testclosure()[pri:0, instance:com.tcs.tests.PHPTravelsTestCases_Agent@35e2d654]" started-at="2022-11-02T12:23:06 IST" name="testclosure" finished-at="2022-11-02T12:23:06 IST" duration-ms="182" status="PASS">
          <reporter-output>
          </reporter-output>
        </test-method> <!-- testclosure -->
      </class> <!-- com.tcs.tests.PHPTravelsTestCases_Agent -->
    </test> <!-- Default test -->
  </suite> <!-- Default suite -->
</testng-results>
