<?xml version="1.0" encoding="UTF-8"?>
<!-- Generated by org.testng.reporters.JUnitXMLReporter -->
<testsuite ignored="13" hostname="LAPTOP-V7EREVV8" failures="1" tests="1" name="Default test" time="5.732" errors="0" timestamp="2022-11-03T19:34:34 IST">
  <testcase classname="com.tcs.tests.PHPTravelsTestCases_Admin" name="verifyLoginWithInvalidEmailAndInvalidPassword" time="0.734">
    <failure type="org.openqa.selenium.NoSuchElementException" message="no such element: Unable to locate element: {&amp;quot;method&amp;quot;:&amp;quot;css selector&amp;quot;,&amp;quot;selector&amp;quot;:&amp;quot;*[name=&amp;apos;email&amp;apos;]&amp;quot;}
  (Session info: chrome=107.0.5304.88)
For documentation on this error, please visit: https://selenium.dev/exceptions/#no_such_element
Build info: version: &amp;apos;4.2.1&amp;apos;, revision: &amp;apos;ac4d0fdd4a&amp;apos;
System info: host: &amp;apos;LAPTOP-V7EREVV8&amp;apos;, ip: &amp;apos;192.168.29.221&amp;apos;, os.name: &amp;apos;Windows 11&amp;apos;, os.arch: &amp;apos;amd64&amp;apos;, os.version: &amp;apos;10.0&amp;apos;, java.version: &amp;apos;18.0.1&amp;apos;
Driver info: org.openqa.selenium.chrome.ChromeDriver
Command: [405d25b423db917f1201ed14ca735a04, findElement {using=name, value=email}]
Capabilities {acceptInsecureCerts: false, browserName: chrome, browserVersion: 107.0.5304.88, chrome: {chromedriverVersion: 107.0.5304.62 (1eec40d3a576..., userDataDir: C:\Users\shrut\AppData\Loca...}, goog:chromeOptions: {debuggerAddress: localhost:56607}, networkConnectionEnabled: false, pageLoadStrategy: normal, platformName: WINDOWS, proxy: Proxy(), se:cdp: ws://localhost:56607/devtoo..., se:cdpVersion: 107.0.5304.88, setWindowRect: true, strictFileInteractability: false, timeouts: {implicit: 0, pageLoad: 300000, script: 30000}, unhandledPromptBehavior: dismiss and notify, webauthn:extension:credBlob: true, webauthn:extension:largeBlob: true, webauthn:virtualAuthenticators: true}
Session ID: 405d25b423db917f1201ed14ca735a04">
      <![CDATA[org.openqa.selenium.NoSuchElementException: no such element: Unable to locate element: {"method":"css selector","selector":"*[name='email']"}
  (Session info: chrome=107.0.5304.88)
For documentation on this error, please visit: https://selenium.dev/exceptions/#no_such_element
Build info: version: '4.2.1', revision: 'ac4d0fdd4a'
System info: host: 'LAPTOP-V7EREVV8', ip: '192.168.29.221', os.name: 'Windows 11', os.arch: 'amd64', os.version: '10.0', java.version: '18.0.1'
Driver info: org.openqa.selenium.chrome.ChromeDriver
Command: [405d25b423db917f1201ed14ca735a04, findElement {using=name, value=email}]
Capabilities {acceptInsecureCerts: false, browserName: chrome, browserVersion: 107.0.5304.88, chrome: {chromedriverVersion: 107.0.5304.62 (1eec40d3a576..., userDataDir: C:\Users\shrut\AppData\Loca...}, goog:chromeOptions: {debuggerAddress: localhost:56607}, networkConnectionEnabled: false, pageLoadStrategy: normal, platformName: WINDOWS, proxy: Proxy(), se:cdp: ws://localhost:56607/devtoo..., se:cdpVersion: 107.0.5304.88, setWindowRect: true, strictFileInteractability: false, timeouts: {implicit: 0, pageLoad: 300000, script: 30000}, unhandledPromptBehavior: dismiss and notify, webauthn:extension:credBlob: true, webauthn:extension:largeBlob: true, webauthn:virtualAuthenticators: true}
Session ID: 405d25b423db917f1201ed14ca735a04
at java.base/jdk.internal.reflect.DirectConstructorHandleAccessor.newInstance(DirectConstructorHandleAccessor.java:67)
at java.base/java.lang.reflect.Constructor.newInstanceWithCaller(Constructor.java:499)
at java.base/java.lang.reflect.Constructor.newInstance(Constructor.java:483)
at org.openqa.selenium.remote.codec.w3c.W3CHttpResponseCodec.createException(W3CHttpResponseCodec.java:200)
at org.openqa.selenium.remote.codec.w3c.W3CHttpResponseCodec.decode(W3CHttpResponseCodec.java:133)
at org.openqa.selenium.remote.codec.w3c.W3CHttpResponseCodec.decode(W3CHttpResponseCodec.java:53)
at org.openqa.selenium.remote.HttpCommandExecutor.execute(HttpCommandExecutor.java:184)
at org.openqa.selenium.remote.service.DriverCommandExecutor.invokeExecute(DriverCommandExecutor.java:167)
at org.openqa.selenium.remote.service.DriverCommandExecutor.execute(DriverCommandExecutor.java:142)
at org.openqa.selenium.remote.RemoteWebDriver.execute(RemoteWebDriver.java:551)
at org.openqa.selenium.remote.ElementLocation$ElementFinder$2.findElement(ElementLocation.java:162)
at org.openqa.selenium.remote.ElementLocation.findElement(ElementLocation.java:66)
at org.openqa.selenium.remote.RemoteWebDriver.findElement(RemoteWebDriver.java:369)
at org.openqa.selenium.remote.RemoteWebDriver.findElement(RemoteWebDriver.java:361)
at org.openqa.selenium.support.pagefactory.DefaultElementLocator.findElement(DefaultElementLocator.java:70)
at org.openqa.selenium.support.pagefactory.internal.LocatingElementHandler.invoke(LocatingElementHandler.java:39)
at jdk.proxy2/jdk.proxy2.$Proxy15.sendKeys(Unknown Source)
at com.tcs.pages.AdminLoginPage.setEmail(AdminLoginPage.java:48)
at com.tcs.tests.PHPTravelsTestCases_Admin.verifyLoginWithInvalidEmailAndInvalidPassword(PHPTravelsTestCases_Admin.java:39)
at java.base/jdk.internal.reflect.DirectMethodHandleAccessor.invoke(DirectMethodHandleAccessor.java:104)
at java.base/java.lang.reflect.Method.invoke(Method.java:577)
at org.testng.internal.MethodInvocationHelper.invokeMethod(MethodInvocationHelper.java:133)
at org.testng.internal.TestInvoker.invokeMethod(TestInvoker.java:598)
at org.testng.internal.TestInvoker.invokeTestMethod(TestInvoker.java:173)
at org.testng.internal.MethodRunner.runInSequence(MethodRunner.java:46)
at org.testng.internal.TestInvoker$MethodInvocationAgent.invoke(TestInvoker.java:824)
at org.testng.internal.TestInvoker.invokeTestMethods(TestInvoker.java:146)
at org.testng.internal.TestMethodWorker.invokeTestMethods(TestMethodWorker.java:146)
at org.testng.internal.TestMethodWorker.run(TestMethodWorker.java:128)
at java.base/java.util.ArrayList.forEach(ArrayList.java:1511)
at org.testng.TestRunner.privateRun(TestRunner.java:794)
at org.testng.TestRunner.run(TestRunner.java:596)
at org.testng.SuiteRunner.runTest(SuiteRunner.java:377)
at org.testng.SuiteRunner.runSequentially(SuiteRunner.java:371)
at org.testng.SuiteRunner.privateRun(SuiteRunner.java:332)
at org.testng.SuiteRunner.run(SuiteRunner.java:276)
at org.testng.SuiteRunnerWorker.runSuite(SuiteRunnerWorker.java:53)
at org.testng.SuiteRunnerWorker.run(SuiteRunnerWorker.java:96)
at org.testng.TestNG.runSuitesSequentially(TestNG.java:1212)
at org.testng.TestNG.runSuitesLocally(TestNG.java:1134)
at org.testng.TestNG.runSuites(TestNG.java:1063)
at org.testng.TestNG.run(TestNG.java:1031)
at org.testng.remote.AbstractRemoteTestNG.run(AbstractRemoteTestNG.java:115)
at org.testng.remote.RemoteTestNG.initAndRun(RemoteTestNG.java:251)
at org.testng.remote.RemoteTestNG.main(RemoteTestNG.java:77)
]]>
    </failure>
  </testcase> <!-- verifyLoginWithInvalidEmailAndInvalidPassword -->
  <testcase classname="com.tcs.tests.PHPTravelsTestCases_Admin" name="verifyWebsiteLink" time="0.0">
    <ignored/>
  </testcase> <!-- verifyWebsiteLink -->
  <testcase classname="com.tcs.tests.PHPTravelsTestCases_Admin" name="verifyRememberMeCheckbox" time="0.0">
    <ignored/>
  </testcase> <!-- verifyRememberMeCheckbox -->
  <testcase classname="com.tcs.tests.PHPTravelsTestCases_Admin" name="verifyLoginWithInValidEmailAndValidPassword" time="0.0">
    <ignored/>
  </testcase> <!-- verifyLoginWithInValidEmailAndValidPassword -->
  <testcase classname="com.tcs.tests.PHPTravelsTestCases_Admin" name="verifyLoginPageLaunch" time="0.0">
    <ignored/>
  </testcase> <!-- verifyLoginPageLaunch -->
  <testcase classname="com.tcs.tests.PHPTravelsTestCases_Admin" name="verifyDeleteCancelledRecord" time="0.0">
    <ignored/>
  </testcase> <!-- verifyDeleteCancelledRecord -->
  <testcase classname="com.tcs.tests.PHPTravelsTestCases_Admin" name="verifyLoginWithValidEmailAndValidPassword" time="0.0">
    <ignored/>
  </testcase> <!-- verifyLoginWithValidEmailAndValidPassword -->
  <testcase classname="com.tcs.tests.PHPTravelsTestCases_Admin" name="verifyBookings" time="0.0">
    <ignored/>
  </testcase> <!-- verifyBookings -->
  <testcase classname="com.tcs.tests.PHPTravelsTestCases_Admin" name="verifyBookingsPaymentSuccessfullInvoice" time="0.0">
    <ignored/>
  </testcase> <!-- verifyBookingsPaymentSuccessfullInvoice -->
  <testcase classname="com.tcs.tests.PHPTravelsTestCases_Admin" name="verifyBookingStatusUpdate" time="0.0">
    <ignored/>
  </testcase> <!-- verifyBookingStatusUpdate -->
  <testcase classname="com.tcs.tests.PHPTravelsTestCases_Admin" name="verifyLoginBlankEmail" time="0.0">
    <ignored/>
  </testcase> <!-- verifyLoginBlankEmail -->
  <testcase classname="com.tcs.tests.PHPTravelsTestCases_Admin" name="verifyLoginBlankPassword" time="0.0">
    <ignored/>
  </testcase> <!-- verifyLoginBlankPassword -->
  <testcase classname="com.tcs.tests.PHPTravelsTestCases_Admin" name="verifyBlankEmailandPassword" time="0.0">
    <ignored/>
  </testcase> <!-- verifyBlankEmailandPassword -->
  <testcase classname="com.tcs.tests.PHPTravelsTestCases_Admin" name="verifyLoginWithValidEmailAndInValidPassword" time="0.0">
    <ignored/>
  </testcase> <!-- verifyLoginWithValidEmailAndInValidPassword -->
</testsuite> <!-- Default test -->
